<?xml version="1.0" encoding="UTF-8"?>
<!-- Generated by org.testng.reporters.JUnitReportReporter -->
<testsuite hostname="Navaneeth" failures="0" tests="2" name="com.mymaven.app.SeleniumTest" time="0.016" errors="0" timestamp="05 Jan 2019 08:05:43 GMT" skipped="0">
  <testcase classname="com.mymaven.app.SeleniumTest" name="seleniumAuto" time="0.016"/>
  <testcase classname="com.mymaven.app.SeleniumTest" name="seleniumUI" time="0.000"/>
</testsuite> <!-- com.mymaven.app.SeleniumTest -->
