<?xml version="1.0" encoding="UTF-8"?>
<!-- Generated by org.testng.reporters.JUnitReportReporter -->
<testsuite hostname="Navaneeth" failures="0" tests="2" name="com.mymaven.app.APITest" time="0.016" errors="0" timestamp="05 Jan 2019 08:03:47 GMT" skipped="0">
  <testcase classname="com.mymaven.app.APITest" name="apiUI" time="0.000"/>
  <testcase classname="com.mymaven.app.APITest" name="apiAuto" time="0.016"/>
</testsuite> <!-- com.mymaven.app.APITest -->
